<?xml version="1.0" encoding="UTF-8"?>
<testng-results ignored="0" total="2" passed="2" failed="0" skipped="0">
  <reporter-output>
  </reporter-output>
  <suite started-at="2025-06-06T10:40:16 IST" name="Suite" finished-at="2025-06-06T10:40:32 IST" duration-ms="15403">
    <groups>
    </groups>
    <test started-at="2025-06-06T10:40:16 IST" name="Test" finished-at="2025-06-06T10:40:32 IST" duration-ms="15403">
      <class name="com.tests.Employee_Test">
        <test-method is-config="true" signature="on_Start()[pri:0, instance:com.tests.Employee_Test@35d019a3]" started-at="2025-06-06T10:40:17 IST" name="on_Start" finished-at="2025-06-06T10:40:29 IST" duration-ms="12116" status="PASS">
          <reporter-output>
          </reporter-output>
        </test-method> <!-- on_Start -->
        <test-method signature="login_Test()[pri:1, instance:com.tests.Employee_Test@35d019a3]" started-at="2025-06-06T10:40:29 IST" name="login_Test" finished-at="2025-06-06T10:40:29 IST" duration-ms="33" status="PASS">
          <reporter-output>
          </reporter-output>
        </test-method> <!-- login_Test -->
        <test-method signature="perform_Login()[pri:2, instance:com.tests.Employee_Test@35d019a3]" started-at="2025-06-06T10:40:29 IST" name="perform_Login" finished-at="2025-06-06T10:40:31 IST" duration-ms="2309" status="PASS">
          <reporter-output>
          </reporter-output>
        </test-method> <!-- perform_Login -->
        <test-method is-config="true" signature="tear_Down()[pri:0, instance:com.tests.Employee_Test@35d019a3]" started-at="2025-06-06T10:40:31 IST" name="tear_Down" finished-at="2025-06-06T10:40:32 IST" duration-ms="461" status="PASS">
          <reporter-output>
          </reporter-output>
        </test-method> <!-- tear_Down -->
      </class> <!-- com.tests.Employee_Test -->
    </test> <!-- Test -->
  </suite> <!-- Suite -->
</testng-results>
